<?xml version="1.0" encoding="UTF-8"?>
<!-- Generated by org.testng.reporters.JUnitReportReporter -->
<testsuite hostname="MMANRIQUEP" failures="0" tests="2" name="testCases.AddDeleteElementsTest" time="0.435" errors="0" timestamp="2021-02-18T20:51:21 COT" skipped="0">
  <testcase classname="testCases.AddDeleteElementsTest" name="addButtons" time="0.238"/>
  <system-out/>
  <testcase classname="testCases.AddDeleteElementsTest" name="deleteButtons" time="0.197"/>
  <system-out/>
</testsuite> <!-- testCases.AddDeleteElementsTest -->
