<?xml version="1.0" encoding="UTF-8"?>
<!-- Generated by org.testng.reporters.JUnitReportReporter -->
<testsuite hostname="MMANRIQUEP" failures="0" tests="6" name="testCases.LoginTest" time="4.121" errors="0" timestamp="2021-02-18T20:51:01 COT" skipped="0">
  <testcase classname="testCases.LoginTest" name="incorrectUser" time="0.729"/>
  <system-out/>
  <testcase classname="testCases.LoginTest" name="correctCredentials" time="0.746"/>
  <system-out/>
  <testcase classname="testCases.LoginTest" name="blankUser" time="0.782"/>
  <system-out/>
  <testcase classname="testCases.LoginTest" name="logout" time="0.461"/>
  <system-out/>
  <testcase classname="testCases.LoginTest" name="blankPassword" time="0.688"/>
  <system-out/>
  <testcase classname="testCases.LoginTest" name="incorrectPassword" time="0.715"/>
  <system-out/>
</testsuite> <!-- testCases.LoginTest -->
